-- The C compiler identification is GNU 12.3.0
-- The CXX compiler identification is GNU 11.4.0
-- Detecting C compiler ABI info
-- Detecting C compiler ABI info - done
-- Check for working C compiler: /usr/bin/cc - skipped
-- Detecting C compile features
-- Detecting C compile features - done
-- Detecting CXX compiler ABI info
-- Detecting CXX compiler ABI info - done
-- Check for working CXX compiler: /usr/bin/c++ - skipped
-- Detecting CXX compile features
-- Detecting CXX compile features - done
-- Found ament_cmake: 1.3.12 (/opt/ros/humble/share/ament_cmake/cmake)
-- Found Python3: /home/leo/miniconda3/bin/python3 (found version "3.12.2") found components: Interpreter 
-- Override CMake install command with custom implementation using symlinks instead of copying resources
-- Found rclcpp: 16.0.15 (/opt/ros/humble/share/rclcpp/cmake)
-- Found rosidl_generator_c: 3.1.7 (/opt/ros/humble/share/rosidl_generator_c/cmake)
-- Found rosidl_adapter: 3.1.7 (/opt/ros/humble/share/rosidl_adapter/cmake)
-- Found rosidl_generator_cpp: 3.1.7 (/opt/ros/humble/share/rosidl_generator_cpp/cmake)
-- Using all available rosidl_typesupport_c: rosidl_typesupport_fastrtps_c;rosidl_typesupport_introspection_c
-- Using all available rosidl_typesupport_cpp: rosidl_typesupport_fastrtps_cpp;rosidl_typesupport_introspection_cpp
-- Found rmw_implementation_cmake: 6.1.2 (/opt/ros/humble/share/rmw_implementation_cmake/cmake)
-- Found rmw_fastrtps_cpp: 6.2.9 (/opt/ros/humble/share/rmw_fastrtps_cpp/cmake)
-- Found OpenSSL: /usr/lib/x86_64-linux-gnu/libcrypto.so (found version "3.0.2")  
-- Found FastRTPS: /opt/ros/humble/include  
-- Using RMW implementation 'rmw_fastrtps_cpp' as default
-- Looking for pthread.h
-- Looking for pthread.h - found
-- Performing Test CMAKE_HAVE_LIBC_PTHREAD
-- Performing Test CMAKE_HAVE_LIBC_PTHREAD - Success
-- Found Threads: TRUE  
-- Found geometry_msgs: 4.9.0 (/opt/ros/humble/share/geometry_msgs/cmake)
-- Found diagnostic_msgs: 4.9.0 (/opt/ros/humble/share/diagnostic_msgs/cmake)
-- Found diagnostic_updater: 4.0.6 (/opt/ros/humble/share/diagnostic_updater/cmake)
-- Found rosidl_default_generators: 1.2.0 (/opt/ros/humble/share/rosidl_default_generators/cmake)
-- Found tf2: 0.25.16 (/opt/ros/humble/share/tf2/cmake)
-- Found tf2_ros: 0.25.16 (/opt/ros/humble/share/tf2_ros/cmake)
-- Found Boost: /home/leo/miniconda3/lib/cmake/Boost-1.88.0/BoostConfig.cmake (found version "1.88.0") found components: program_options thread 
-- Found ament_cmake_ros: 0.10.0 (/opt/ros/humble/share/ament_cmake_ros/cmake)
-- Using all available rosidl_typesupport_c: rosidl_typesupport_fastrtps_c;rosidl_typesupport_introspection_c
-- Using all available rosidl_typesupport_cpp: rosidl_typesupport_fastrtps_cpp;rosidl_typesupport_introspection_cpp
-- Found PythonInterp: /home/leo/miniconda3/bin/python3 (found suitable version "3.12.2", minimum required is "3.6") 
-- Found python_cmake_module: 0.10.0 (/opt/ros/humble/share/python_cmake_module/cmake)
-- Found PythonLibs: /home/leo/miniconda3/lib/libpython3.12.so (found suitable version "3.12.2", minimum required is "3.5") 
-- Using PYTHON_EXECUTABLE: /home/leo/miniconda3/bin/python3
-- Using PYTHON_INCLUDE_DIRS: /home/leo/miniconda3/include/python3.12
-- Using PYTHON_LIBRARIES: /home/leo/miniconda3/lib/libpython3.12.so
-- Found PythonExtra: .so  
-- Using numpy include directory: /home/leo/miniconda3/lib/python3.12/site-packages/numpy/_core/include
-- Configuring done
-- Generating done
-- Build files have been written to: /home/leo/Desktop/ati_ft_docker/ros2/build/netft_rdt_driver
[  2%] [34m[1mGenerating C code for ROS interfaces[0m
[  5%] [34m[1mGenerating C++ code for ROS interfaces[0m
[  8%] [32mBuilding CXX object CMakeFiles/netft_rdt_driver_lib.dir/src/netft_rdt_bias.cpp.o[0m
[ 10%] [32mBuilding CXX object CMakeFiles/netft_rdt_driver_lib.dir/src/ft_listener.cpp.o[0m
[ 13%] [32mBuilding CXX object CMakeFiles/netft_rdt_driver_lib.dir/src/netft_rdt_driver.cpp.o[0m
[ 13%] Built target ament_cmake_python_symlink_netft_rdt_driver
In file included from [01m[K/home/leo/Desktop/ati_ft_docker/ros2/src/netft_rdt_driver/include/netft_rdt_driver/netft_rdt_bias.h:8[m[K,
                 from [01m[K/home/leo/Desktop/ati_ft_docker/ros2/src/netft_rdt_driver/src/netft_rdt_bias.cpp:1[m[K:
[01m[K/home/leo/Desktop/ati_ft_docker/ros2/build/netft_rdt_driver/rosidl_generator_cpp/netft_rdt_driver/srv/string_cmd.hpp:7:10:[m[K [01;31m[Kfatal error: [m[Knetft_rdt_driver/srv/detail/string_cmd__struct.hpp: No such file or directory
    7 | #include [01;31m[K"netft_rdt_driver/srv/detail/string_cmd__struct.hpp"[m[K
      |          [01;31m[K^~~~~~~~~~~~~~~~~~~~~~~~~~~~~~~~~~~~~~~~~~~~~~~~~~~~[m[K
compilation terminated.
gmake[2]: *** [CMakeFiles/netft_rdt_driver_lib.dir/build.make:90: CMakeFiles/netft_rdt_driver_lib.dir/src/netft_rdt_bias.cpp.o] Error 1
gmake[2]: *** Waiting for unfinished jobs....
[ 13%] Built target netft_rdt_driver__cpp
[ 21%] [34m[1mGenerating C++ type support for eProsima Fast-RTPS[0m
[ 21%] [34m[1mGenerating C++ type support dispatch for ROS interfaces[0m
[ 21%] [34m[1mGenerating C++ introspection for ROS interfaces[0m
[ 24%] [32mBuilding C object CMakeFiles/netft_rdt_driver__rosidl_generator_c.dir/rosidl_generator_c/netft_rdt_driver/srv/detail/string_cmd__functions.c.o[0m
running egg_info
creating netft_rdt_driver.egg-info
writing netft_rdt_driver.egg-info/PKG-INFO
writing dependency_links to netft_rdt_driver.egg-info/dependency_links.txt
writing top-level names to netft_rdt_driver.egg-info/top_level.txt
writing manifest file 'netft_rdt_driver.egg-info/SOURCES.txt'
[ 27%] [32m[1mLinking C shared library libnetft_rdt_driver__rosidl_generator_c.so[0m
reading manifest file 'netft_rdt_driver.egg-info/SOURCES.txt'
writing manifest file 'netft_rdt_driver.egg-info/SOURCES.txt'
[ 27%] Built target netft_rdt_driver__rosidl_generator_c
[ 32%] [34m[1mGenerating C type support for eProsima Fast-RTPS[0m
[ 32%] [34m[1mGenerating C introspection for ROS interfaces[0m
[ 35%] [34m[1mGenerating C type support dispatch for ROS interfaces[0m
[ 35%] Built target ament_cmake_python_build_netft_rdt_driver_egg
[ 37%] [32mBuilding CXX object CMakeFiles/netft_rdt_driver__rosidl_typesupport_cpp.dir/rosidl_typesupport_cpp/netft_rdt_driver/srv/string_cmd__type_support.cpp.o[0m
[ 40%] [32mBuilding CXX object CMakeFiles/netft_rdt_driver__rosidl_typesupport_fastrtps_cpp.dir/rosidl_typesupport_fastrtps_cpp/netft_rdt_driver/srv/detail/dds_fastrtps/string_cmd__type_support.cpp.o[0m
[ 43%] [32mBuilding CXX object CMakeFiles/netft_rdt_driver__rosidl_typesupport_introspection_cpp.dir/rosidl_typesupport_introspection_cpp/netft_rdt_driver/srv/detail/string_cmd__type_support.cpp.o[0m
[ 45%] [32mBuilding CXX object CMakeFiles/netft_rdt_driver__rosidl_typesupport_fastrtps_c.dir/rosidl_typesupport_fastrtps_c/netft_rdt_driver/srv/detail/string_cmd__type_support_c.cpp.o[0m
[ 48%] [32mBuilding C object CMakeFiles/netft_rdt_driver__rosidl_typesupport_introspection_c.dir/rosidl_typesupport_introspection_c/netft_rdt_driver/srv/detail/string_cmd__type_support.c.o[0m
[ 51%] [32mBuilding CXX object CMakeFiles/netft_rdt_driver__rosidl_typesupport_c.dir/rosidl_typesupport_c/netft_rdt_driver/srv/string_cmd__type_support.cpp.o[0m
[ 54%] [32m[1mLinking C shared library libnetft_rdt_driver__rosidl_typesupport_introspection_c.so[0m
[ 56%] [32m[1mLinking CXX shared library libnetft_rdt_driver__rosidl_typesupport_c.so[0m
[ 56%] Built target netft_rdt_driver__rosidl_typesupport_introspection_c
[ 59%] [32m[1mLinking CXX shared library libnetft_rdt_driver__rosidl_typesupport_cpp.so[0m
[ 59%] Built target netft_rdt_driver__rosidl_typesupport_c
[ 59%] Built target netft_rdt_driver__rosidl_typesupport_cpp
[ 62%] [32m[1mLinking CXX shared library libnetft_rdt_driver__rosidl_typesupport_fastrtps_cpp.so[0m
[ 64%] [32m[1mLinking CXX shared library libnetft_rdt_driver__rosidl_typesupport_fastrtps_c.so[0m
[ 67%] [32m[1mLinking CXX shared library libnetft_rdt_driver__rosidl_typesupport_introspection_cpp.so[0m
[ 67%] Built target netft_rdt_driver__rosidl_typesupport_fastrtps_cpp
[ 67%] Built target netft_rdt_driver__rosidl_typesupport_fastrtps_c
[ 67%] Built target netft_rdt_driver__rosidl_typesupport_introspection_cpp
[ 67%] Built target netft_rdt_driver
[ 70%] [34m[1mGenerating Python code for ROS interfaces[0m
[ 70%] Built target netft_rdt_driver__py
[ 72%] [32mBuilding C object CMakeFiles/netft_rdt_driver__rosidl_generator_py.dir/rosidl_generator_py/netft_rdt_driver/srv/_string_cmd_s.c.o[0m
[ 75%] [32m[1mLinking C shared library rosidl_generator_py/netft_rdt_driver/libnetft_rdt_driver__rosidl_generator_py.so[0m
[ 75%] Built target netft_rdt_driver__rosidl_generator_py
[ 83%] [32mBuilding C object CMakeFiles/netft_rdt_driver__rosidl_typesupport_c__pyext.dir/rosidl_generator_py/netft_rdt_driver/_netft_rdt_driver_s.ep.rosidl_typesupport_c.c.o[0m
[ 83%] [32mBuilding C object CMakeFiles/netft_rdt_driver__rosidl_typesupport_introspection_c__pyext.dir/rosidl_generator_py/netft_rdt_driver/_netft_rdt_driver_s.ep.rosidl_typesupport_introspection_c.c.o[0m
[ 83%] [32mBuilding C object CMakeFiles/netft_rdt_driver__rosidl_typesupport_fastrtps_c__pyext.dir/rosidl_generator_py/netft_rdt_driver/_netft_rdt_driver_s.ep.rosidl_typesupport_fastrtps_c.c.o[0m
[ 86%] [32m[1mLinking C shared library rosidl_generator_py/netft_rdt_driver/netft_rdt_driver_s__rosidl_typesupport_introspection_c.cpython-312-x86_64-linux-gnu.so[0m
[ 89%] [32m[1mLinking C shared library rosidl_generator_py/netft_rdt_driver/netft_rdt_driver_s__rosidl_typesupport_fastrtps_c.cpython-312-x86_64-linux-gnu.so[0m
[ 91%] [32m[1mLinking C shared library rosidl_generator_py/netft_rdt_driver/netft_rdt_driver_s__rosidl_typesupport_c.cpython-312-x86_64-linux-gnu.so[0m
[ 91%] Built target netft_rdt_driver__rosidl_typesupport_introspection_c__pyext
[ 91%] Built target netft_rdt_driver__rosidl_typesupport_c__pyext
[ 91%] Built target netft_rdt_driver__rosidl_typesupport_fastrtps_c__pyext
gmake[1]: *** [CMakeFiles/Makefile2:594: CMakeFiles/netft_rdt_driver_lib.dir/all] Error 2
gmake: *** [Makefile:146: all] Error 2
