[0.008s] Invoking command in '/home/leo/Desktop/ati_ft_docker/ros2/build/netft_rdt_driver': CMAKE_PREFIX_PATH=${CMAKE_PREFIX_PATH}:/opt/ros/humble CONDA_PROMPT_MODIFIER=(base) /usr/bin/cmake /home/leo/Desktop/ati_ft_docker/ros2/src/netft_rdt_driver -DAMENT_CMAKE_SYMLINK_INSTALL=1 -DCMAKE_INSTALL_PREFIX=/home/leo/Desktop/ati_ft_docker/ros2/install/netft_rdt_driver
[0.105s] -- The C compiler identification is GNU 12.3.0
[0.184s] -- The CXX compiler identification is GNU 11.4.0
[0.199s] -- Detecting C compiler ABI info
[0.279s] -- Detecting C compiler ABI info - done
[0.286s] -- Check for working C compiler: /usr/bin/cc - skipped
[0.286s] -- Detecting C compile features
[0.286s] -- Detecting C compile features - done
[0.288s] -- Detecting CXX compiler ABI info
[0.387s] -- Detecting CXX compiler ABI info - done
[0.393s] -- Check for working CXX compiler: /usr/bin/c++ - skipped
[0.393s] -- Detecting CXX compile features
[0.393s] -- Detecting CXX compile features - done
[0.395s] -- Found ament_cmake: 1.3.12 (/opt/ros/humble/share/ament_cmake/cmake)
[0.737s] -- Found Python3: /home/leo/miniconda3/bin/python3 (found version "3.12.2") found components: Interpreter 
[0.806s] -- Override CMake install command with custom implementation using symlinks instead of copying resources
[0.826s] -- Found rclcpp: 16.0.15 (/opt/ros/humble/share/rclcpp/cmake)
[0.859s] -- Found rosidl_generator_c: 3.1.7 (/opt/ros/humble/share/rosidl_generator_c/cmake)
[0.862s] -- Found rosidl_adapter: 3.1.7 (/opt/ros/humble/share/rosidl_adapter/cmake)
[0.868s] -- Found rosidl_generator_cpp: 3.1.7 (/opt/ros/humble/share/rosidl_generator_cpp/cmake)
[0.876s] -- Using all available rosidl_typesupport_c: rosidl_typesupport_fastrtps_c;rosidl_typesupport_introspection_c
[0.887s] -- Using all available rosidl_typesupport_cpp: rosidl_typesupport_fastrtps_cpp;rosidl_typesupport_introspection_cpp
[0.915s] -- Found rmw_implementation_cmake: 6.1.2 (/opt/ros/humble/share/rmw_implementation_cmake/cmake)
[0.917s] -- Found rmw_fastrtps_cpp: 6.2.9 (/opt/ros/humble/share/rmw_fastrtps_cpp/cmake)
[1.017s] -- Found OpenSSL: /usr/lib/x86_64-linux-gnu/libcrypto.so (found version "3.0.2")  
[1.040s] -- Found FastRTPS: /opt/ros/humble/include  
[1.060s] -- Using RMW implementation 'rmw_fastrtps_cpp' as default
[1.068s] -- Looking for pthread.h
[1.141s] -- Looking for pthread.h - found
[1.141s] -- Performing Test CMAKE_HAVE_LIBC_PTHREAD
[1.231s] -- Performing Test CMAKE_HAVE_LIBC_PTHREAD - Success
[1.232s] -- Found Threads: TRUE  
[1.271s] -- Found geometry_msgs: 4.9.0 (/opt/ros/humble/share/geometry_msgs/cmake)
[1.280s] -- Found diagnostic_msgs: 4.9.0 (/opt/ros/humble/share/diagnostic_msgs/cmake)
[1.289s] -- Found diagnostic_updater: 4.0.6 (/opt/ros/humble/share/diagnostic_updater/cmake)
[1.293s] -- Found rosidl_default_generators: 1.2.0 (/opt/ros/humble/share/rosidl_default_generators/cmake)
[1.299s] -- Found tf2: 0.25.16 (/opt/ros/humble/share/tf2/cmake)
[1.304s] -- Found tf2_ros: 0.25.16 (/opt/ros/humble/share/tf2_ros/cmake)
[1.371s] -- Found Boost: /home/leo/miniconda3/lib/cmake/Boost-1.88.0/BoostConfig.cmake (found version "1.88.0") found components: program_options thread 
[1.650s] -- Found ament_cmake_ros: 0.10.0 (/opt/ros/humble/share/ament_cmake_ros/cmake)
[2.082s] -- Using all available rosidl_typesupport_c: rosidl_typesupport_fastrtps_c;rosidl_typesupport_introspection_c
[2.279s] -- Using all available rosidl_typesupport_cpp: rosidl_typesupport_fastrtps_cpp;rosidl_typesupport_introspection_cpp
[2.298s] -- Found PythonInterp: /home/leo/miniconda3/bin/python3 (found suitable version "3.12.2", minimum required is "3.6") 
[2.299s] -- Found python_cmake_module: 0.10.0 (/opt/ros/humble/share/python_cmake_module/cmake)
[2.329s] -- Found PythonLibs: /home/leo/miniconda3/lib/libpython3.12.so (found suitable version "3.12.2", minimum required is "3.5") 
[2.329s] -- Using PYTHON_EXECUTABLE: /home/leo/miniconda3/bin/python3
[2.329s] -- Using PYTHON_INCLUDE_DIRS: /home/leo/miniconda3/include/python3.12
[2.330s] -- Using PYTHON_LIBRARIES: /home/leo/miniconda3/lib/libpython3.12.so
[2.357s] -- Found PythonExtra: .so  
[2.622s] -- Using numpy include directory: /home/leo/miniconda3/lib/python3.12/site-packages/numpy/_core/include
[2.666s] -- Configuring done
[2.717s] -- Generating done
[2.740s] -- Build files have been written to: /home/leo/Desktop/ati_ft_docker/ros2/build/netft_rdt_driver
[2.760s] Invoked command in '/home/leo/Desktop/ati_ft_docker/ros2/build/netft_rdt_driver' returned '0': CMAKE_PREFIX_PATH=${CMAKE_PREFIX_PATH}:/opt/ros/humble CONDA_PROMPT_MODIFIER=(base) /usr/bin/cmake /home/leo/Desktop/ati_ft_docker/ros2/src/netft_rdt_driver -DAMENT_CMAKE_SYMLINK_INSTALL=1 -DCMAKE_INSTALL_PREFIX=/home/leo/Desktop/ati_ft_docker/ros2/install/netft_rdt_driver
[2.765s] Invoking command in '/home/leo/Desktop/ati_ft_docker/ros2/build/netft_rdt_driver': CMAKE_PREFIX_PATH=${CMAKE_PREFIX_PATH}:/opt/ros/humble CONDA_PROMPT_MODIFIER=(base) /usr/bin/cmake --build /home/leo/Desktop/ati_ft_docker/ros2/build/netft_rdt_driver -- -j20 -l20
[2.822s] [  2%] [34m[1mGenerating C code for ROS interfaces[0m
[2.851s] [  5%] [34m[1mGenerating C++ code for ROS interfaces[0m
[2.853s] [  8%] [32mBuilding CXX object CMakeFiles/netft_rdt_driver_lib.dir/src/netft_rdt_bias.cpp.o[0m
[2.853s] [ 10%] [32mBuilding CXX object CMakeFiles/netft_rdt_driver_lib.dir/src/ft_listener.cpp.o[0m
[2.854s] [ 13%] [32mBuilding CXX object CMakeFiles/netft_rdt_driver_lib.dir/src/netft_rdt_driver.cpp.o[0m
[2.866s] [ 13%] Built target ament_cmake_python_symlink_netft_rdt_driver
[3.026s] In file included from [01m[K/home/leo/Desktop/ati_ft_docker/ros2/src/netft_rdt_driver/include/netft_rdt_driver/netft_rdt_bias.h:8[m[K,
[3.026s]                  from [01m[K/home/leo/Desktop/ati_ft_docker/ros2/src/netft_rdt_driver/src/netft_rdt_bias.cpp:1[m[K:
[3.026s] [01m[K/home/leo/Desktop/ati_ft_docker/ros2/build/netft_rdt_driver/rosidl_generator_cpp/netft_rdt_driver/srv/string_cmd.hpp:7:10:[m[K [01;31m[Kfatal error: [m[Knetft_rdt_driver/srv/detail/string_cmd__struct.hpp: No such file or directory
[3.026s]     7 | #include [01;31m[K"netft_rdt_driver/srv/detail/string_cmd__struct.hpp"[m[K
[3.026s]       |          [01;31m[K^~~~~~~~~~~~~~~~~~~~~~~~~~~~~~~~~~~~~~~~~~~~~~~~~~~~[m[K
[3.026s] compilation terminated.
[3.036s] gmake[2]: *** [CMakeFiles/netft_rdt_driver_lib.dir/build.make:90: CMakeFiles/netft_rdt_driver_lib.dir/src/netft_rdt_bias.cpp.o] Error 1
[3.036s] gmake[2]: *** Waiting for unfinished jobs....
[3.069s] [ 13%] Built target netft_rdt_driver__cpp
[3.079s] [ 21%] [34m[1mGenerating C++ type support for eProsima Fast-RTPS[0m
[3.079s] [ 21%] [34m[1mGenerating C++ type support dispatch for ROS interfaces[0m
[3.079s] [ 21%] [34m[1mGenerating C++ introspection for ROS interfaces[0m
[3.097s] [ 24%] [32mBuilding C object CMakeFiles/netft_rdt_driver__rosidl_generator_c.dir/rosidl_generator_c/netft_rdt_driver/srv/detail/string_cmd__functions.c.o[0m
[3.102s] running egg_info
[3.116s] creating netft_rdt_driver.egg-info
[3.116s] writing netft_rdt_driver.egg-info/PKG-INFO
[3.116s] writing dependency_links to netft_rdt_driver.egg-info/dependency_links.txt
[3.117s] writing top-level names to netft_rdt_driver.egg-info/top_level.txt
[3.117s] writing manifest file 'netft_rdt_driver.egg-info/SOURCES.txt'
[3.148s] [ 27%] [32m[1mLinking C shared library libnetft_rdt_driver__rosidl_generator_c.so[0m
[3.163s] reading manifest file 'netft_rdt_driver.egg-info/SOURCES.txt'
[3.163s] writing manifest file 'netft_rdt_driver.egg-info/SOURCES.txt'
[3.180s] [ 27%] Built target netft_rdt_driver__rosidl_generator_c
[3.188s] [ 32%] [34m[1mGenerating C type support for eProsima Fast-RTPS[0m
[3.188s] [ 32%] [34m[1mGenerating C introspection for ROS interfaces[0m
[3.190s] [ 35%] [34m[1mGenerating C type support dispatch for ROS interfaces[0m
[3.208s] [ 35%] Built target ament_cmake_python_build_netft_rdt_driver_egg
[3.231s] [ 37%] [32mBuilding CXX object CMakeFiles/netft_rdt_driver__rosidl_typesupport_cpp.dir/rosidl_typesupport_cpp/netft_rdt_driver/srv/string_cmd__type_support.cpp.o[0m
[3.272s] [ 40%] [32mBuilding CXX object CMakeFiles/netft_rdt_driver__rosidl_typesupport_fastrtps_cpp.dir/rosidl_typesupport_fastrtps_cpp/netft_rdt_driver/srv/detail/dds_fastrtps/string_cmd__type_support.cpp.o[0m
[3.330s] [ 43%] [32mBuilding CXX object CMakeFiles/netft_rdt_driver__rosidl_typesupport_introspection_cpp.dir/rosidl_typesupport_introspection_cpp/netft_rdt_driver/srv/detail/string_cmd__type_support.cpp.o[0m
[3.356s] [ 45%] [32mBuilding CXX object CMakeFiles/netft_rdt_driver__rosidl_typesupport_fastrtps_c.dir/rosidl_typesupport_fastrtps_c/netft_rdt_driver/srv/detail/string_cmd__type_support_c.cpp.o[0m
[3.357s] [ 48%] [32mBuilding C object CMakeFiles/netft_rdt_driver__rosidl_typesupport_introspection_c.dir/rosidl_typesupport_introspection_c/netft_rdt_driver/srv/detail/string_cmd__type_support.c.o[0m
[3.380s] [ 51%] [32mBuilding CXX object CMakeFiles/netft_rdt_driver__rosidl_typesupport_c.dir/rosidl_typesupport_c/netft_rdt_driver/srv/string_cmd__type_support.cpp.o[0m
[3.401s] [ 54%] [32m[1mLinking C shared library libnetft_rdt_driver__rosidl_typesupport_introspection_c.so[0m
[3.408s] [ 56%] [32m[1mLinking CXX shared library libnetft_rdt_driver__rosidl_typesupport_c.so[0m
[3.440s] [ 56%] Built target netft_rdt_driver__rosidl_typesupport_introspection_c
[3.440s] [ 59%] [32m[1mLinking CXX shared library libnetft_rdt_driver__rosidl_typesupport_cpp.so[0m
[3.444s] [ 59%] Built target netft_rdt_driver__rosidl_typesupport_c
[3.485s] [ 59%] Built target netft_rdt_driver__rosidl_typesupport_cpp
[3.583s] [ 62%] [32m[1mLinking CXX shared library libnetft_rdt_driver__rosidl_typesupport_fastrtps_cpp.so[0m
[3.619s] [ 64%] [32m[1mLinking CXX shared library libnetft_rdt_driver__rosidl_typesupport_fastrtps_c.so[0m
[3.652s] [ 67%] [32m[1mLinking CXX shared library libnetft_rdt_driver__rosidl_typesupport_introspection_cpp.so[0m
[3.656s] [ 67%] Built target netft_rdt_driver__rosidl_typesupport_fastrtps_cpp
[3.701s] [ 67%] Built target netft_rdt_driver__rosidl_typesupport_fastrtps_c
[3.712s] [ 67%] Built target netft_rdt_driver__rosidl_typesupport_introspection_cpp
[3.729s] [ 67%] Built target netft_rdt_driver
[3.748s] [ 70%] [34m[1mGenerating Python code for ROS interfaces[0m
[3.974s] [ 70%] Built target netft_rdt_driver__py
[3.994s] [ 72%] [32mBuilding C object CMakeFiles/netft_rdt_driver__rosidl_generator_py.dir/rosidl_generator_py/netft_rdt_driver/srv/_string_cmd_s.c.o[0m
[4.095s] [ 75%] [32m[1mLinking C shared library rosidl_generator_py/netft_rdt_driver/libnetft_rdt_driver__rosidl_generator_py.so[0m
[4.129s] [ 75%] Built target netft_rdt_driver__rosidl_generator_py
[4.148s] [ 83%] [32mBuilding C object CMakeFiles/netft_rdt_driver__rosidl_typesupport_c__pyext.dir/rosidl_generator_py/netft_rdt_driver/_netft_rdt_driver_s.ep.rosidl_typesupport_c.c.o[0m
[4.148s] [ 83%] [32mBuilding C object CMakeFiles/netft_rdt_driver__rosidl_typesupport_introspection_c__pyext.dir/rosidl_generator_py/netft_rdt_driver/_netft_rdt_driver_s.ep.rosidl_typesupport_introspection_c.c.o[0m
[4.148s] [ 83%] [32mBuilding C object CMakeFiles/netft_rdt_driver__rosidl_typesupport_fastrtps_c__pyext.dir/rosidl_generator_py/netft_rdt_driver/_netft_rdt_driver_s.ep.rosidl_typesupport_fastrtps_c.c.o[0m
[4.230s] [ 86%] [32m[1mLinking C shared library rosidl_generator_py/netft_rdt_driver/netft_rdt_driver_s__rosidl_typesupport_introspection_c.cpython-312-x86_64-linux-gnu.so[0m
[4.230s] [ 89%] [32m[1mLinking C shared library rosidl_generator_py/netft_rdt_driver/netft_rdt_driver_s__rosidl_typesupport_fastrtps_c.cpython-312-x86_64-linux-gnu.so[0m
[4.235s] [ 91%] [32m[1mLinking C shared library rosidl_generator_py/netft_rdt_driver/netft_rdt_driver_s__rosidl_typesupport_c.cpython-312-x86_64-linux-gnu.so[0m
[4.260s] [ 91%] Built target netft_rdt_driver__rosidl_typesupport_introspection_c__pyext
[4.262s] [ 91%] Built target netft_rdt_driver__rosidl_typesupport_c__pyext
[4.262s] [ 91%] Built target netft_rdt_driver__rosidl_typesupport_fastrtps_c__pyext
[9.284s] gmake[1]: *** [CMakeFiles/Makefile2:594: CMakeFiles/netft_rdt_driver_lib.dir/all] Error 2
[9.284s] gmake: *** [Makefile:146: all] Error 2
[9.286s] Invoked command in '/home/leo/Desktop/ati_ft_docker/ros2/build/netft_rdt_driver' returned '2': CMAKE_PREFIX_PATH=${CMAKE_PREFIX_PATH}:/opt/ros/humble CONDA_PROMPT_MODIFIER=(base) /usr/bin/cmake --build /home/leo/Desktop/ati_ft_docker/ros2/build/netft_rdt_driver -- -j20 -l20
