[35m[1mConsolidate compiler generated dependencies of target netft_rdt_driver__rosidl_generator_c[0m
[35m[1mConsolidate compiler generated dependencies of target netft_rdt_driver_lib[0m
[  2%] Built target netft_rdt_driver__cpp
[ 10%] Built target netft_rdt_driver__rosidl_generator_c
[35m[1mConsolidate compiler generated dependencies of target netft_rdt_driver__rosidl_typesupport_introspection_cpp[0m
[35m[1mConsolidate compiler generated dependencies of target netft_rdt_driver__rosidl_typesupport_fastrtps_c[0m
[35m[1mConsolidate compiler generated dependencies of target netft_rdt_driver__rosidl_typesupport_fastrtps_cpp[0m
[ 10%] Built target ament_cmake_python_symlink_netft_rdt_driver
[35m[1mConsolidate compiler generated dependencies of target netft_rdt_driver__rosidl_typesupport_c[0m
[35m[1mConsolidate compiler generated dependencies of target netft_rdt_driver__rosidl_typesupport_cpp[0m
[35m[1mConsolidate compiler generated dependencies of target netft_rdt_driver__rosidl_typesupport_introspection_c[0m
[ 16%] [32mBuilding CXX object CMakeFiles/netft_rdt_driver_lib.dir/src/netft_rdt_bias.cpp.o[0m
[ 21%] Built target netft_rdt_driver__rosidl_typesupport_fastrtps_c
[ 29%] Built target netft_rdt_driver__rosidl_typesupport_c
[ 37%] Built target netft_rdt_driver__rosidl_typesupport_cpp
[ 45%] Built target netft_rdt_driver__rosidl_typesupport_introspection_cpp
[ 54%] Built target netft_rdt_driver__rosidl_typesupport_fastrtps_cpp
[ 62%] Built target netft_rdt_driver__rosidl_typesupport_introspection_c
[ 62%] Built target netft_rdt_driver
[ 64%] Built target netft_rdt_driver__py
[35m[1mConsolidate compiler generated dependencies of target netft_rdt_driver__rosidl_generator_py[0m
[ 70%] Built target netft_rdt_driver__rosidl_generator_py
[35m[1mConsolidate compiler generated dependencies of target netft_rdt_driver__rosidl_typesupport_introspection_c__pyext[0m
[35m[1mConsolidate compiler generated dependencies of target netft_rdt_driver__rosidl_typesupport_c__pyext[0m
[35m[1mConsolidate compiler generated dependencies of target netft_rdt_driver__rosidl_typesupport_fastrtps_c__pyext[0m
[ 75%] Built target netft_rdt_driver__rosidl_typesupport_c__pyext
[ 86%] Built target netft_rdt_driver__rosidl_typesupport_introspection_c__pyext
[ 86%] Built target netft_rdt_driver__rosidl_typesupport_fastrtps_c__pyext
running egg_info
writing netft_rdt_driver.egg-info/PKG-INFO
writing dependency_links to netft_rdt_driver.egg-info/dependency_links.txt
writing top-level names to netft_rdt_driver.egg-info/top_level.txt
reading manifest file 'netft_rdt_driver.egg-info/SOURCES.txt'
writing manifest file 'netft_rdt_driver.egg-info/SOURCES.txt'
[ 86%] Built target ament_cmake_python_build_netft_rdt_driver_egg
[ 89%] [32m[1mLinking CXX static library libnetft_rdt_driver_lib.a[0m
[ 94%] Built target netft_rdt_driver_lib
[ 97%] [32mBuilding CXX object CMakeFiles/netft_node.dir/src/netft_node.cpp.o[0m
[100%] [32m[1mLinking CXX executable netft_node[0m
[100%] Built target netft_node
-- Install configuration: ""
-- Execute custom install script
-- Symlinking: /home/leo/Desktop/ati_ft_docker/ros2/install/netft_rdt_driver/share/ament_index/resource_index/rosidl_interfaces/netft_rdt_driver
-- Symlinking: /home/leo/Desktop/ati_ft_docker/ros2/install/netft_rdt_driver/include/netft_rdt_driver/netft_rdt_driver/msg/rosidl_generator_c__visibility_control.h
-- Symlinking: /home/leo/Desktop/ati_ft_docker/ros2/install/netft_rdt_driver/include/netft_rdt_driver/netft_rdt_driver/srv/detail/string_cmd__functions.h
-- Symlinking: /home/leo/Desktop/ati_ft_docker/ros2/install/netft_rdt_driver/include/netft_rdt_driver/netft_rdt_driver/srv/detail/string_cmd__struct.h
-- Symlinking: /home/leo/Desktop/ati_ft_docker/ros2/install/netft_rdt_driver/include/netft_rdt_driver/netft_rdt_driver/srv/detail/string_cmd__type_support.h
-- Symlinking: /home/leo/Desktop/ati_ft_docker/ros2/install/netft_rdt_driver/include/netft_rdt_driver/netft_rdt_driver/srv/string_cmd.h
-- Symlinking: /home/leo/Desktop/ati_ft_docker/ros2/install/netft_rdt_driver/share/netft_rdt_driver/environment/library_path.sh
-- Symlinking: /home/leo/Desktop/ati_ft_docker/ros2/install/netft_rdt_driver/share/netft_rdt_driver/environment/library_path.dsv
-- Symlinking: /home/leo/Desktop/ati_ft_docker/ros2/install/netft_rdt_driver/include/netft_rdt_driver/netft_rdt_driver/msg/rosidl_typesupport_fastrtps_c__visibility_control.h
-- Symlinking: /home/leo/Desktop/ati_ft_docker/ros2/install/netft_rdt_driver/include/netft_rdt_driver/netft_rdt_driver/srv/detail/string_cmd__rosidl_typesupport_fastrtps_c.h
-- Symlinking: /home/leo/Desktop/ati_ft_docker/ros2/install/netft_rdt_driver/include/netft_rdt_driver/netft_rdt_driver/msg/rosidl_generator_cpp__visibility_control.hpp
-- Symlinking: /home/leo/Desktop/ati_ft_docker/ros2/install/netft_rdt_driver/include/netft_rdt_driver/netft_rdt_driver/srv/detail/string_cmd__builder.hpp
-- Symlinking: /home/leo/Desktop/ati_ft_docker/ros2/install/netft_rdt_driver/include/netft_rdt_driver/netft_rdt_driver/srv/detail/string_cmd__struct.hpp
-- Symlinking: /home/leo/Desktop/ati_ft_docker/ros2/install/netft_rdt_driver/include/netft_rdt_driver/netft_rdt_driver/srv/detail/string_cmd__traits.hpp
-- Symlinking: /home/leo/Desktop/ati_ft_docker/ros2/install/netft_rdt_driver/include/netft_rdt_driver/netft_rdt_driver/srv/detail/string_cmd__type_support.hpp
-- Symlinking: /home/leo/Desktop/ati_ft_docker/ros2/install/netft_rdt_driver/include/netft_rdt_driver/netft_rdt_driver/srv/string_cmd.hpp
-- Symlinking: /home/leo/Desktop/ati_ft_docker/ros2/install/netft_rdt_driver/include/netft_rdt_driver/netft_rdt_driver/msg/rosidl_typesupport_fastrtps_cpp__visibility_control.h
-- Symlinking: /home/leo/Desktop/ati_ft_docker/ros2/install/netft_rdt_driver/include/netft_rdt_driver/netft_rdt_driver/srv/detail/string_cmd__rosidl_typesupport_fastrtps_cpp.hpp
-- Symlinking: /home/leo/Desktop/ati_ft_docker/ros2/install/netft_rdt_driver/include/netft_rdt_driver/netft_rdt_driver/msg/rosidl_typesupport_introspection_c__visibility_control.h
-- Symlinking: /home/leo/Desktop/ati_ft_docker/ros2/install/netft_rdt_driver/include/netft_rdt_driver/netft_rdt_driver/srv/detail/string_cmd__rosidl_typesupport_introspection_c.h
-- Symlinking: /home/leo/Desktop/ati_ft_docker/ros2/install/netft_rdt_driver/include/netft_rdt_driver/netft_rdt_driver/srv/detail/string_cmd__rosidl_typesupport_introspection_cpp.hpp
-- Symlinking: /home/leo/Desktop/ati_ft_docker/ros2/install/netft_rdt_driver/share/netft_rdt_driver/environment/pythonpath.sh
-- Symlinking: /home/leo/Desktop/ati_ft_docker/ros2/install/netft_rdt_driver/share/netft_rdt_driver/environment/pythonpath.dsv
-- Symlinking: /home/leo/Desktop/ati_ft_docker/ros2/install/netft_rdt_driver/lib/python3.12/site-packages/netft_rdt_driver-0.0.0-py3.12.egg-info/PKG-INFO
-- Symlinking: /home/leo/Desktop/ati_ft_docker/ros2/install/netft_rdt_driver/lib/python3.12/site-packages/netft_rdt_driver-0.0.0-py3.12.egg-info/SOURCES.txt
-- Symlinking: /home/leo/Desktop/ati_ft_docker/ros2/install/netft_rdt_driver/lib/python3.12/site-packages/netft_rdt_driver-0.0.0-py3.12.egg-info/dependency_links.txt
-- Symlinking: /home/leo/Desktop/ati_ft_docker/ros2/install/netft_rdt_driver/lib/python3.12/site-packages/netft_rdt_driver-0.0.0-py3.12.egg-info/top_level.txt
-- Symlinking: /home/leo/Desktop/ati_ft_docker/ros2/install/netft_rdt_driver/lib/python3.12/site-packages/netft_rdt_driver/__init__.py
-- Symlinking: /home/leo/Desktop/ati_ft_docker/ros2/install/netft_rdt_driver/lib/python3.12/site-packages/netft_rdt_driver/_netft_rdt_driver_s.ep.rosidl_typesupport_c.c
-- Symlinking: /home/leo/Desktop/ati_ft_docker/ros2/install/netft_rdt_driver/lib/python3.12/site-packages/netft_rdt_driver/_netft_rdt_driver_s.ep.rosidl_typesupport_fastrtps_c.c
-- Symlinking: /home/leo/Desktop/ati_ft_docker/ros2/install/netft_rdt_driver/lib/python3.12/site-packages/netft_rdt_driver/_netft_rdt_driver_s.ep.rosidl_typesupport_introspection_c.c
-- Symlinking: /home/leo/Desktop/ati_ft_docker/ros2/install/netft_rdt_driver/lib/python3.12/site-packages/netft_rdt_driver/libnetft_rdt_driver__rosidl_generator_py.so
-- Symlinking: /home/leo/Desktop/ati_ft_docker/ros2/install/netft_rdt_driver/lib/python3.12/site-packages/netft_rdt_driver/netft_rdt_driver_s__rosidl_typesupport_c.cpython-312-x86_64-linux-gnu.so
-- Symlinking: /home/leo/Desktop/ati_ft_docker/ros2/install/netft_rdt_driver/lib/python3.12/site-packages/netft_rdt_driver/netft_rdt_driver_s__rosidl_typesupport_fastrtps_c.cpython-312-x86_64-linux-gnu.so
-- Symlinking: /home/leo/Desktop/ati_ft_docker/ros2/install/netft_rdt_driver/lib/python3.12/site-packages/netft_rdt_driver/netft_rdt_driver_s__rosidl_typesupport_introspection_c.cpython-312-x86_64-linux-gnu.so
-- Symlinking: /home/leo/Desktop/ati_ft_docker/ros2/install/netft_rdt_driver/lib/python3.12/site-packages/netft_rdt_driver/srv/__init__.py
-- Symlinking: /home/leo/Desktop/ati_ft_docker/ros2/install/netft_rdt_driver/lib/python3.12/site-packages/netft_rdt_driver/srv/_string_cmd.py
-- Symlinking: /home/leo/Desktop/ati_ft_docker/ros2/install/netft_rdt_driver/lib/python3.12/site-packages/netft_rdt_driver/srv/_string_cmd_s.c
-- Up-to-date symlink: /home/leo/Desktop/ati_ft_docker/ros2/install/netft_rdt_driver/lib/python3.12/site-packages/netft_rdt_driver/netft_rdt_driver_s__rosidl_typesupport_fastrtps_c.cpython-312-x86_64-linux-gnu.so
-- Up-to-date symlink: /home/leo/Desktop/ati_ft_docker/ros2/install/netft_rdt_driver/lib/python3.12/site-packages/netft_rdt_driver/netft_rdt_driver_s__rosidl_typesupport_introspection_c.cpython-312-x86_64-linux-gnu.so
-- Up-to-date symlink: /home/leo/Desktop/ati_ft_docker/ros2/install/netft_rdt_driver/lib/python3.12/site-packages/netft_rdt_driver/netft_rdt_driver_s__rosidl_typesupport_c.cpython-312-x86_64-linux-gnu.so
-- Symlinking: /home/leo/Desktop/ati_ft_docker/ros2/install/netft_rdt_driver/share/netft_rdt_driver/srv/StringCmd.idl
-- Symlinking: /home/leo/Desktop/ati_ft_docker/ros2/install/netft_rdt_driver/share/netft_rdt_driver/srv/StringCmd.srv
-- Symlinking: /home/leo/Desktop/ati_ft_docker/ros2/install/netft_rdt_driver/share/netft_rdt_driver/srv/StringCmd_Request.msg
-- Symlinking: /home/leo/Desktop/ati_ft_docker/ros2/install/netft_rdt_driver/share/netft_rdt_driver/srv/StringCmd_Response.msg
-- Symlinking: /home/leo/Desktop/ati_ft_docker/ros2/install/netft_rdt_driver/lib/netft_rdt_driver/libnetft_rdt_driver_lib.a
-- Symlinking: /home/leo/Desktop/ati_ft_docker/ros2/install/netft_rdt_driver/lib/netft_rdt_driver/netft_node
-- Symlinking: /home/leo/Desktop/ati_ft_docker/ros2/install/netft_rdt_driver/share/netft_rdt_driver/launch/README.md
-- Symlinking: /home/leo/Desktop/ati_ft_docker/ros2/install/netft_rdt_driver/share/netft_rdt_driver/launch/ft_2_sensors.launch
-- Symlinking: /home/leo/Desktop/ati_ft_docker/ros2/install/netft_rdt_driver/share/netft_rdt_driver/launch/ft_bringup.launch.py
-- Symlinking: /home/leo/Desktop/ati_ft_docker/ros2/install/netft_rdt_driver/share/netft_rdt_driver/launch/ft_nano_sensor.launch
-- Symlinking: /home/leo/Desktop/ati_ft_docker/ros2/install/netft_rdt_driver/share/netft_rdt_driver/launch/ft_sensor.launch
-- Symlinking: /home/leo/Desktop/ati_ft_docker/ros2/install/netft_rdt_driver/share/netft_rdt_driver/launch/ft_sensor.perspective
-- Symlinking: /home/leo/Desktop/ati_ft_docker/ros2/install/netft_rdt_driver/share/netft_rdt_driver/launch/launch_rqt.sh
-- Symlinking: /home/leo/Desktop/ati_ft_docker/ros2/install/netft_rdt_driver/share/netft_rdt_driver/config/setup.yaml
-- Symlinking: /home/leo/Desktop/ati_ft_docker/ros2/install/netft_rdt_driver/share/ament_index/resource_index/package_run_dependencies/netft_rdt_driver
-- Symlinking: /home/leo/Desktop/ati_ft_docker/ros2/install/netft_rdt_driver/share/ament_index/resource_index/parent_prefix_path/netft_rdt_driver
-- Symlinking: /home/leo/Desktop/ati_ft_docker/ros2/install/netft_rdt_driver/share/netft_rdt_driver/environment/ament_prefix_path.sh
-- Symlinking: /home/leo/Desktop/ati_ft_docker/ros2/install/netft_rdt_driver/share/netft_rdt_driver/environment/ament_prefix_path.dsv
-- Symlinking: /home/leo/Desktop/ati_ft_docker/ros2/install/netft_rdt_driver/share/netft_rdt_driver/environment/path.sh
-- Symlinking: /home/leo/Desktop/ati_ft_docker/ros2/install/netft_rdt_driver/share/netft_rdt_driver/environment/path.dsv
-- Symlinking: /home/leo/Desktop/ati_ft_docker/ros2/install/netft_rdt_driver/share/netft_rdt_driver/local_setup.bash
-- Symlinking: /home/leo/Desktop/ati_ft_docker/ros2/install/netft_rdt_driver/share/netft_rdt_driver/local_setup.sh
-- Symlinking: /home/leo/Desktop/ati_ft_docker/ros2/install/netft_rdt_driver/share/netft_rdt_driver/local_setup.zsh
-- Symlinking: /home/leo/Desktop/ati_ft_docker/ros2/install/netft_rdt_driver/share/netft_rdt_driver/local_setup.dsv
-- Symlinking: /home/leo/Desktop/ati_ft_docker/ros2/install/netft_rdt_driver/share/netft_rdt_driver/package.dsv
-- Symlinking: /home/leo/Desktop/ati_ft_docker/ros2/install/netft_rdt_driver/share/ament_index/resource_index/packages/netft_rdt_driver
-- Symlinking: /home/leo/Desktop/ati_ft_docker/ros2/install/netft_rdt_driver/share/netft_rdt_driver/cmake/rosidl_cmake-extras.cmake
-- Symlinking: /home/leo/Desktop/ati_ft_docker/ros2/install/netft_rdt_driver/share/netft_rdt_driver/cmake/ament_cmake_export_dependencies-extras.cmake
-- Symlinking: /home/leo/Desktop/ati_ft_docker/ros2/install/netft_rdt_driver/share/netft_rdt_driver/cmake/ament_cmake_export_include_directories-extras.cmake
-- Symlinking: /home/leo/Desktop/ati_ft_docker/ros2/install/netft_rdt_driver/share/netft_rdt_driver/cmake/ament_cmake_export_libraries-extras.cmake
-- Symlinking: /home/leo/Desktop/ati_ft_docker/ros2/install/netft_rdt_driver/share/netft_rdt_driver/cmake/ament_cmake_export_targets-extras.cmake
-- Symlinking: /home/leo/Desktop/ati_ft_docker/ros2/install/netft_rdt_driver/share/netft_rdt_driver/cmake/rosidl_cmake_export_typesupport_targets-extras.cmake
-- Symlinking: /home/leo/Desktop/ati_ft_docker/ros2/install/netft_rdt_driver/share/netft_rdt_driver/cmake/rosidl_cmake_export_typesupport_libraries-extras.cmake
-- Symlinking: /home/leo/Desktop/ati_ft_docker/ros2/install/netft_rdt_driver/share/netft_rdt_driver/cmake/netft_rdt_driverConfig.cmake
-- Symlinking: /home/leo/Desktop/ati_ft_docker/ros2/install/netft_rdt_driver/share/netft_rdt_driver/cmake/netft_rdt_driverConfig-version.cmake
-- Symlinking: /home/leo/Desktop/ati_ft_docker/ros2/install/netft_rdt_driver/share/netft_rdt_driver/package.xml
-- Installing: /home/leo/Desktop/ati_ft_docker/ros2/install/netft_rdt_driver/lib/libnetft_rdt_driver__rosidl_generator_c.so
-- Set runtime path of "/home/leo/Desktop/ati_ft_docker/ros2/install/netft_rdt_driver/lib/libnetft_rdt_driver__rosidl_generator_c.so" to ""
-- Installing: /home/leo/Desktop/ati_ft_docker/ros2/install/netft_rdt_driver/lib/libnetft_rdt_driver__rosidl_typesupport_fastrtps_c.so
-- Set runtime path of "/home/leo/Desktop/ati_ft_docker/ros2/install/netft_rdt_driver/lib/libnetft_rdt_driver__rosidl_typesupport_fastrtps_c.so" to ""
-- Installing: /home/leo/Desktop/ati_ft_docker/ros2/install/netft_rdt_driver/lib/libnetft_rdt_driver__rosidl_typesupport_fastrtps_cpp.so
-- Set runtime path of "/home/leo/Desktop/ati_ft_docker/ros2/install/netft_rdt_driver/lib/libnetft_rdt_driver__rosidl_typesupport_fastrtps_cpp.so" to ""
-- Installing: /home/leo/Desktop/ati_ft_docker/ros2/install/netft_rdt_driver/lib/libnetft_rdt_driver__rosidl_typesupport_introspection_c.so
-- Set runtime path of "/home/leo/Desktop/ati_ft_docker/ros2/install/netft_rdt_driver/lib/libnetft_rdt_driver__rosidl_typesupport_introspection_c.so" to ""
-- Installing: /home/leo/Desktop/ati_ft_docker/ros2/install/netft_rdt_driver/lib/libnetft_rdt_driver__rosidl_typesupport_c.so
-- Set runtime path of "/home/leo/Desktop/ati_ft_docker/ros2/install/netft_rdt_driver/lib/libnetft_rdt_driver__rosidl_typesupport_c.so" to ""
-- Installing: /home/leo/Desktop/ati_ft_docker/ros2/install/netft_rdt_driver/lib/libnetft_rdt_driver__rosidl_typesupport_introspection_cpp.so
-- Set runtime path of "/home/leo/Desktop/ati_ft_docker/ros2/install/netft_rdt_driver/lib/libnetft_rdt_driver__rosidl_typesupport_introspection_cpp.so" to ""
-- Installing: /home/leo/Desktop/ati_ft_docker/ros2/install/netft_rdt_driver/lib/libnetft_rdt_driver__rosidl_typesupport_cpp.so
-- Set runtime path of "/home/leo/Desktop/ati_ft_docker/ros2/install/netft_rdt_driver/lib/libnetft_rdt_driver__rosidl_typesupport_cpp.so" to ""
Listing '/home/leo/Desktop/ati_ft_docker/ros2/install/netft_rdt_driver/lib/python3.12/site-packages/netft_rdt_driver'...
Compiling '/home/leo/Desktop/ati_ft_docker/ros2/install/netft_rdt_driver/lib/python3.12/site-packages/netft_rdt_driver/__init__.py'...
Listing '/home/leo/Desktop/ati_ft_docker/ros2/install/netft_rdt_driver/lib/python3.12/site-packages/netft_rdt_driver/srv'...
Compiling '/home/leo/Desktop/ati_ft_docker/ros2/install/netft_rdt_driver/lib/python3.12/site-packages/netft_rdt_driver/srv/__init__.py'...
Compiling '/home/leo/Desktop/ati_ft_docker/ros2/install/netft_rdt_driver/lib/python3.12/site-packages/netft_rdt_driver/srv/_string_cmd.py'...
-- Installing: /home/leo/Desktop/ati_ft_docker/ros2/install/netft_rdt_driver/lib/libnetft_rdt_driver__rosidl_generator_py.so
-- Set runtime path of "/home/leo/Desktop/ati_ft_docker/ros2/install/netft_rdt_driver/lib/libnetft_rdt_driver__rosidl_generator_py.so" to ""
-- Installing: /home/leo/Desktop/ati_ft_docker/ros2/install/netft_rdt_driver/share/netft_rdt_driver/cmake/export_netft_rdt_driver__rosidl_generator_cExport.cmake
-- Installing: /home/leo/Desktop/ati_ft_docker/ros2/install/netft_rdt_driver/share/netft_rdt_driver/cmake/export_netft_rdt_driver__rosidl_generator_cExport-noconfig.cmake
-- Installing: /home/leo/Desktop/ati_ft_docker/ros2/install/netft_rdt_driver/share/netft_rdt_driver/cmake/export_netft_rdt_driver__rosidl_typesupport_fastrtps_cExport.cmake
-- Installing: /home/leo/Desktop/ati_ft_docker/ros2/install/netft_rdt_driver/share/netft_rdt_driver/cmake/export_netft_rdt_driver__rosidl_typesupport_fastrtps_cExport-noconfig.cmake
-- Installing: /home/leo/Desktop/ati_ft_docker/ros2/install/netft_rdt_driver/share/netft_rdt_driver/cmake/export_netft_rdt_driver__rosidl_generator_cppExport.cmake
-- Installing: /home/leo/Desktop/ati_ft_docker/ros2/install/netft_rdt_driver/share/netft_rdt_driver/cmake/export_netft_rdt_driver__rosidl_typesupport_fastrtps_cppExport.cmake
-- Installing: /home/leo/Desktop/ati_ft_docker/ros2/install/netft_rdt_driver/share/netft_rdt_driver/cmake/export_netft_rdt_driver__rosidl_typesupport_fastrtps_cppExport-noconfig.cmake
-- Installing: /home/leo/Desktop/ati_ft_docker/ros2/install/netft_rdt_driver/share/netft_rdt_driver/cmake/netft_rdt_driver__rosidl_typesupport_introspection_cExport.cmake
-- Installing: /home/leo/Desktop/ati_ft_docker/ros2/install/netft_rdt_driver/share/netft_rdt_driver/cmake/netft_rdt_driver__rosidl_typesupport_introspection_cExport-noconfig.cmake
-- Installing: /home/leo/Desktop/ati_ft_docker/ros2/install/netft_rdt_driver/share/netft_rdt_driver/cmake/netft_rdt_driver__rosidl_typesupport_cExport.cmake
-- Installing: /home/leo/Desktop/ati_ft_docker/ros2/install/netft_rdt_driver/share/netft_rdt_driver/cmake/netft_rdt_driver__rosidl_typesupport_cExport-noconfig.cmake
-- Installing: /home/leo/Desktop/ati_ft_docker/ros2/install/netft_rdt_driver/share/netft_rdt_driver/cmake/netft_rdt_driver__rosidl_typesupport_introspection_cppExport.cmake
-- Installing: /home/leo/Desktop/ati_ft_docker/ros2/install/netft_rdt_driver/share/netft_rdt_driver/cmake/netft_rdt_driver__rosidl_typesupport_introspection_cppExport-noconfig.cmake
-- Installing: /home/leo/Desktop/ati_ft_docker/ros2/install/netft_rdt_driver/share/netft_rdt_driver/cmake/netft_rdt_driver__rosidl_typesupport_cppExport.cmake
-- Installing: /home/leo/Desktop/ati_ft_docker/ros2/install/netft_rdt_driver/share/netft_rdt_driver/cmake/netft_rdt_driver__rosidl_typesupport_cppExport-noconfig.cmake
-- Installing: /home/leo/Desktop/ati_ft_docker/ros2/install/netft_rdt_driver/share/netft_rdt_driver/cmake/export_netft_rdt_driver__rosidl_generator_pyExport.cmake
-- Installing: /home/leo/Desktop/ati_ft_docker/ros2/install/netft_rdt_driver/share/netft_rdt_driver/cmake/export_netft_rdt_driver__rosidl_generator_pyExport-noconfig.cmake
